2025-03-16 15:36:20,632 - connection - INFO - Connection pool initialized with 5 connections.
2025-03-16 15:36:20,874 - connection - INFO - Connection pool initialized with 5 connections.
2025-03-16 15:37:36,944 - connection - INFO - Connection pool initialized with 5 connections.
2025-03-16 15:37:36,988 - query - INFO - Expired tags deleted: 0 rows removed.
2025-03-16 15:37:37,143 - connection - INFO - Connection pool initialized with 5 connections.
2025-03-16 15:37:37,160 - query - INFO - Expired tags deleted: 0 rows removed.
2025-03-16 15:39:53,121 - connection - INFO - Connection pool initialized with 5 connections.
2025-03-16 15:39:53,196 - query - INFO - Expired tags deleted: 0 rows removed.
2025-03-16 15:39:53,354 - connection - INFO - Connection pool initialized with 5 connections.
2025-03-16 15:39:53,375 - query - INFO - Expired tags deleted: 0 rows removed.
2025-03-16 15:40:27,670 - query - INFO - Creating user with first name: tawsif, last name: rahman, phone: 1234567890
2025-03-16 15:40:27,681 - query - INFO - User created successfully with userId: 1
2025-03-16 15:43:08,612 - connection - INFO - Connection pool initialized with 5 connections.
2025-03-16 15:43:08,651 - query - INFO - Expired tags deleted: 0 rows removed.
2025-03-16 15:43:47,240 - query - INFO - Creating user with first name: Md Tawsif, last name: Rahman, phone: 1234567890
2025-03-16 15:43:47,241 - query - ERROR - Error occurred while creating user: tuple index out of range
2025-03-16 15:46:26,791 - connection - INFO - Connection pool initialized with 5 connections.
2025-03-16 15:46:26,831 - query - ERROR - Error deleting expired tags: release_connection() missing 1 required positional argument: 'conn'
2025-03-16 15:46:32,089 - connection - INFO - Connection pool initialized with 5 connections.
2025-03-16 15:46:32,105 - query - ERROR - Error deleting expired tags: release_connection() missing 1 required positional argument: 'conn'
2025-03-16 15:46:32,270 - connection - INFO - Connection pool initialized with 5 connections.
2025-03-16 15:46:32,288 - query - ERROR - Error deleting expired tags: release_connection() missing 1 required positional argument: 'conn'
2025-03-16 15:49:59,427 - connection - INFO - Connection pool initialized with 5 connections.
2025-03-16 15:49:59,473 - query - ERROR - Error deleting expired tags: release_connection() missing 1 required positional argument: 'conn'
2025-03-16 15:49:59,638 - connection - INFO - Connection pool initialized with 5 connections.
2025-03-16 15:49:59,657 - query - ERROR - Error deleting expired tags: release_connection() missing 1 required positional argument: 'conn'
2025-03-16 15:50:50,449 - connection - INFO - Connection pool initialized with 5 connections.
2025-03-16 15:50:54,122 - connection - INFO - Connection pool initialized with 5 connections.
2025-03-16 15:50:54,312 - connection - INFO - Connection pool initialized with 5 connections.
2025-03-16 15:52:36,546 - connection - INFO - Connection pool initialized with 5 connections.
2025-03-16 15:52:36,587 - query - INFO - Expired tags deleted: 0 rows removed.
2025-03-16 15:52:38,828 - connection - INFO - Connection pool initialized with 5 connections.
2025-03-16 15:52:38,850 - query - INFO - Expired tags deleted: 0 rows removed.
2025-03-16 15:52:39,018 - connection - INFO - Connection pool initialized with 5 connections.
2025-03-16 15:52:39,037 - query - INFO - Expired tags deleted: 0 rows removed.
2025-03-16 15:52:45,149 - query - INFO - Creating user with first name: tawsif, last name: rahman, phone: 1234567890
2025-03-16 15:52:45,150 - query - ERROR - Error occurred while creating user: tuple index out of range
2025-03-16 15:54:37,414 - connection - INFO - Connection pool initialized with 5 connections.
2025-03-16 15:54:37,460 - query - INFO - Expired tags deleted: 0 rows removed.
2025-03-16 15:54:41,696 - connection - INFO - Connection pool initialized with 5 connections.
2025-03-16 15:54:41,721 - query - INFO - Expired tags deleted: 0 rows removed.
2025-03-16 15:54:42,938 - connection - INFO - Connection pool initialized with 5 connections.
2025-03-16 15:54:42,960 - query - INFO - Expired tags deleted: 0 rows removed.
2025-03-16 15:54:48,029 - connection - INFO - Connection pool initialized with 5 connections.
2025-03-16 15:54:48,049 - query - INFO - Expired tags deleted: 0 rows removed.
2025-03-16 15:54:48,218 - connection - INFO - Connection pool initialized with 5 connections.
2025-03-16 15:54:48,236 - query - INFO - Expired tags deleted: 0 rows removed.
2025-03-16 15:55:07,366 - query - INFO - Creating user with first name: tawsif, last name: rahman, phone: 1234567890
2025-03-16 15:55:07,372 - query - INFO - User created successfully with userId: 1
2025-03-16 15:56:41,660 - connection - INFO - Connection pool initialized with 5 connections.
2025-03-16 15:56:41,699 - query - INFO - Expired tags deleted: 0 rows removed.
2025-03-16 15:56:43,554 - connection - INFO - Connection pool initialized with 5 connections.
2025-03-16 15:56:43,570 - query - INFO - Expired tags deleted: 0 rows removed.
2025-03-16 15:56:43,736 - connection - INFO - Connection pool initialized with 5 connections.
2025-03-16 15:56:43,752 - query - INFO - Expired tags deleted: 0 rows removed.
2025-03-16 15:58:38,139 - connection - INFO - Connection pool initialized with 5 connections.
2025-03-16 15:58:38,176 - query - INFO - Expired tags deleted: 0 rows removed.
2025-03-16 15:58:48,462 - connection - INFO - Connection pool initialized with 5 connections.
2025-03-16 15:58:48,480 - query - INFO - Expired tags deleted: 0 rows removed.
2025-03-16 16:00:25,215 - connection - INFO - Connection pool initialized with 5 connections.
2025-03-16 16:00:25,257 - query - INFO - Expired tags deleted: 0 rows removed.
2025-03-16 16:00:25,421 - connection - INFO - Connection pool initialized with 5 connections.
2025-03-16 16:00:25,440 - query - INFO - Expired tags deleted: 0 rows removed.
2025-03-16 16:04:53,503 - connection - INFO - Connection pool initialized with 5 connections.
2025-03-16 16:04:53,545 - query - INFO - Expired tags deleted: 0 rows removed.
2025-03-16 16:04:53,699 - connection - INFO - Connection pool initialized with 5 connections.
2025-03-16 16:04:53,718 - query - INFO - Expired tags deleted: 0 rows removed.
